
The following files have been resolved:
   mysql:mysql-connector-java:jar:6.0.5:runtime
   org.hibernate.common:hibernate-commons-annotations:jar:4.0.2.Final:compile
   org.slf4j:slf4j-api:jar:1.7.24:compile
   org.slf4j:jcl-over-slf4j:jar:1.7.24:runtime
   org.jboss.spec.javax.transaction:jboss-transaction-api_1.1_spec:jar:1.0.1.Final:compile
   org.hibernate.javax.persistence:hibernate-jpa-2.0-api:jar:1.0.1.Final:compile
   org.springframework:spring-context:jar:4.3.13.RELEASE:compile
   org.springframework:spring-core:jar:4.3.13.RELEASE:compile
   org.aspectj:aspectjrt:jar:1.8.10:compile
   org.springframework.data:spring-data-commons:jar:1.13.3.RELEASE:compile
   org.springframework:spring-tx:jar:4.3.8.RELEASE:compile
   org.springframework:spring-beans:jar:4.3.13.RELEASE:compile
   org.springframework:spring-web:jar:4.3.13.RELEASE:compile
   antlr:antlr:jar:2.7.7:compile
   org.springframework:spring-orm:jar:4.3.8.RELEASE:compile
   org.hibernate:hibernate-core:jar:4.2.21.Final:compile
   org.javassist:javassist:jar:3.18.1-GA:compile
   org.springframework:spring-expression:jar:4.3.13.RELEASE:compile
   taglibs:standard:jar:1.1.2:compile
   org.apache.logging.log4j:log4j-api:jar:2.8.2:compile
   org.hibernate:hibernate-entitymanager:jar:4.2.21.Final:compile
   javax.validation:validation-api:jar:1.0.0.GA:compile
   org.springframework:spring-jdbc:jar:4.3.8.RELEASE:compile
   org.springframework:spring-webmvc:jar:4.3.13.RELEASE:compile
   commons-logging:commons-logging:jar:1.2:compile
   org.jboss.logging:jboss-logging:jar:3.1.0.GA:compile
   org.springframework:spring-aspects:jar:4.3.13.RELEASE:compile
   org.springframework:spring-aop:jar:4.3.13.RELEASE:compile
   org.depaul.myStudentLife:StudentLifeServiceBuild:jar:1.0-SNAPSHOT:compile
   org.apache.logging.log4j:log4j-core:jar:2.8.2:compile
   dom4j:dom4j:jar:1.6.1:compile
   javax.servlet.jsp.jstl:javax.servlet.jsp.jstl-api:jar:1.2.1:compile
   org.springframework.data:spring-data-jpa:jar:1.11.3.RELEASE:compile
   org.aspectj:aspectjweaver:jar:1.8.9:compile

